111
2
28
9
35
37
36
38
173
116
179
112
177
110
34
175
149
39
42
174
120
43
178
56
57
50
200
45
181
109
188
194
49
186
55
114
47
21
185
59
187
46
115
58
143
131
117
54
148
151
133
189
142
195
135
184
136
145
199
139
146
113
129
76
183
191
182
150
118
134
140
190
196
176
197
119
180
192
132
97
86
87
171
166
125
93
124
152
193
130
160
105
102
198
157
103
159
170
51
98
99
153
137
101
92
147
128
161
106
91
100
158
138
127
154
144
96
168
164
122
126
123
74
141
121
155
162
163
169
172
165
107
167
156
104
95
94
88
85
90
89
81
82
80
84
78
83
75
79
77
70
108
68
72
66
65
71
64
69
62
61
67
52
63
60
53
48
41
44
40
73
25
32
31
30
20
27
19
24
33
22
23
15
16
14
29
11
7
18
26
13
5
17
4
6
1
8
10
3
12
