150
143
114
119
117
118
4
63
91
135
27
24
126
7
146
51
95
183
55
190
106
103
87
184
170
49
152
107
148
165
65
120
141
1
88
77
31
182
86
111
76
193
113
52
72
79
89
8
123
22
21
173
160
159
163
180
161
20
41
156
121
96
78
44
9
157
179
37
144
45
125
84
56
3
132
14
196
174
169
23
93
28
35
80
54
6
198
39
171
176
97
61
186
82
131
140
177
199
200
83
59
19
68
46
137
50
69
181
64
128
73
34
191
11
58
139
16
17
194
13
26
154
67
178
142
175
47
98
53
195
12
124
189
33
168
71
85
136
43
129
38
36
42
192
105
158
48
75
164
110
104
145
122
99
92
185
2
18
29
147
94
66
133
138
166
197
112
134
188
116
81
155
100
74
108
32
187
30
127
5
60
153
172
10
57
167
62
162
101
109
115
15
130
40
149
151
102
70
25
90
