188
110
142
71
198
181
143
197
74
151
87
55
186
115
177
132
169
145
182
97
199
140
117
136
76
113
51
130
146
126
72
123
60
66
187
200
119
100
133
98
105
175
144
68
92
149
164
170
73
180
154
129
93
107
185
173
174
112
81
127
156
162
91
61
54
128
184
196
67
108
84
168
85
189
157
104
190
80
192
118
57
116
165
141
96
114
48
166
134
160
103
111
94
78
161
172
83
102
65
88
46
171
153
152
150
148
109
95
194
56
183
79
176
49
178
64
191
138
45
159
59
70
163
86
99
52
135
158
53
77
125
89
193
195
122
167
44
139
43
15
82
26
75
121
106
34
12
50
18
131
3
37
124
101
10
30
14
19
7
42
35
17
31
8
137
5
6
147
22
33
41
11
27
40
25
155
32
21
38
4
120
24
36
2
13
23
28
39
69
47
63
90
58
20
9
1
29
62
16
179
